SF:lib/core/error/failures.dart
DA:4,4
DA:5,4
LF:2
LH:2
end_of_record
SF:lib/data/entities/customer_entity.dart
DA:11,2
DA:19,1
DA:21,6
LF:3
LH:3
end_of_record
SF:lib/domain/model/customer.dart
DA:17,33
DA:25,2
DA:26,1
DA:27,1
DA:28,1
DA:29,1
DA:30,1
DA:33,1
DA:35,2
DA:38,2
DA:40,12
LF:11
LH:11
end_of_record
SF:lib/domain/repositories/implementations/customer_repository_impl.dart
DA:11,1
DA:13,1
DA:16,3
DA:17,1
DA:18,1
DA:19,1
DA:20,1
DA:21,1
DA:23,1
DA:25,3
DA:26,2
DA:30,1
DA:33,2
DA:34,1
DA:36,2
DA:40,1
DA:43,2
DA:44,1
DA:45,3
DA:46,1
DA:47,1
DA:48,1
DA:50,1
DA:52,3
DA:53,2
DA:57,1
DA:66,2
DA:67,1
DA:69,2
DA:73,1
DA:76,2
DA:77,2
DA:78,1
DA:79,1
DA:80,1
DA:81,1
DA:84,2
LF:37
LH:37
end_of_record
SF:lib/domain/use_cases/customer/get_customer.dart
DA:12,1
DA:14,1
DA:16,2
LF:3
LH:3
end_of_record
SF:lib/domain/use_cases/customer/update_customer_details.dart
DA:11,1
DA:13,1
DA:15,2
LF:3
LH:3
end_of_record
SF:lib/presentation/view_models/customer/edit.dart
DA:12,1
DA:20,1
DA:24,1
DA:25,1
DA:27,1
DA:28,1
DA:29,2
DA:30,2
DA:31,1
DA:33,1
DA:34,1
DA:38,1
DA:39,1
DA:40,2
DA:41,3
DA:42,3
DA:43,3
DA:45,2
DA:46,2
DA:47,1
DA:49,1
DA:52,1
DA:53,1
DA:54,1
DA:57,1
DA:58,1
LF:26
LH:26
end_of_record
SF:lib/domain/use_cases/lead/create_lead.dart
DA:12,1
DA:14,1
DA:16,2
LF:3
LH:3
end_of_record
SF:lib/data/entities/task_entity.dart
DA:13,1
DA:22,1
DA:24,6
LF:3
LH:3
end_of_record
SF:lib/domain/model/task.dart
DA:16,2
DA:24,0
DA:26,0
LF:3
LH:1
end_of_record
SF:lib/domain/repositories/implementations/task_repository_impl.dart
DA:11,1
DA:13,1
DA:16,3
DA:17,1
DA:18,1
DA:19,1
DA:20,1
DA:22,1
DA:24,2
DA:28,1
DA:31,2
DA:32,1
DA:34,2
DA:38,1
DA:41,2
DA:42,1
DA:43,3
DA:44,1
DA:45,1
DA:46,1
DA:47,1
DA:48,1
DA:50,1
DA:52,2
DA:56,1
DA:66,2
DA:74,1
DA:76,2
LF:28
LH:28
end_of_record
SF:lib/domain/use_cases/lead/get_all_leads.dart
DA:12,1
DA:13,1
DA:15,2
LF:3
LH:3
end_of_record
SF:lib/domain/use_cases/lead/get_lead.dart
DA:12,1
DA:14,1
DA:16,2
LF:3
LH:3
end_of_record
SF:lib/domain/use_cases/lead/update_lead_details.dart
DA:18,1
DA:20,1
DA:28,2
LF:3
LH:3
end_of_record
SF:lib/domain/use_cases/lead/delete_lead.dart
DA:11,1
DA:13,1
DA:15,2
LF:3
LH:3
end_of_record
SF:lib/domain/use_cases/lead/convert_lead_to_customer.dart
DA:12,1
DA:14,1
DA:16,2
LF:3
LH:3
end_of_record
SF:lib/domain/use_cases/task/mark_task_as_completed.dart
DA:12,1
DA:14,1
DA:16,2
LF:3
LH:3
end_of_record
SF:lib/domain/use_cases/task/delete_task.dart
DA:11,1
DA:13,1
DA:15,2
LF:3
LH:3
end_of_record
SF:lib/domain/use_cases/task/update_task.dart
DA:20,1
DA:22,1
DA:31,2
LF:3
LH:3
end_of_record
SF:lib/domain/use_cases/task/create_task.dart
DA:12,1
DA:14,1
DA:16,2
LF:3
LH:3
end_of_record
SF:lib/domain/use_cases/customer/make_customer_inactive.dart
DA:11,1
DA:13,1
DA:15,2
LF:3
LH:3
end_of_record
SF:lib/domain/use_cases/customer/create_customer.dart
DA:12,1
DA:14,1
DA:16,2
LF:3
LH:3
end_of_record
SF:lib/domain/use_cases/customer/delete_customer.dart
DA:11,1
DA:13,1
DA:15,2
LF:3
LH:3
end_of_record
SF:lib/domain/use_cases/customer/make_customer_active.dart
DA:12,1
DA:14,1
DA:16,2
LF:3
LH:3
end_of_record
SF:lib/domain/use_cases/customer/get_all_customers.dart
DA:13,1
DA:15,1
DA:17,2
LF:3
LH:3
end_of_record
SF:lib/presentation/view_models/customer/list.dart
DA:10,1
DA:13,1
DA:14,2
DA:15,1
DA:17,1
DA:18,1
DA:19,2
DA:20,2
DA:21,1
DA:23,1
DA:24,1
DA:28,3
LF:12
LH:12
end_of_record
